<?xml version="1.0" encoding="UTF-8"?>
<!-- Generated by org.testng.reporters.JUnitReportReporter -->
<testsuite hostname="NWKS0540" failures="0" tests="8" name="anotacionestestng.SegundoSet" time="0.008" errors="0" timestamp="2023-01-24T17:39:34 ART" skipped="0">
  <testcase classname="anotacionestestng.SegundoSet" name="pruebaCinco" time="0.001"/>
  <system-out/>
  <testcase classname="anotacionestestng.SegundoSet" name="pruebaTres" time="0.001"/>
  <system-out/>
  <testcase classname="anotacionestestng.SegundoSet" name="clickAlCarrito" time="0.001"/>
  <system-out/>
  <testcase classname="anotacionestestng.SegundoSet" name="clickAlUsuario" time="0.001"/>
  <system-out/>
  <testcase classname="anotacionestestng.SegundoSet" name="clickAlCarrito" time="0.001"/>
  <system-out/>
  <testcase classname="anotacionestestng.SegundoSet" name="pruebaCuatro" time="0.000"/>
  <system-out/>
  <testcase classname="anotacionestestng.SegundoSet" name="clickAlHomePage" time="0.000"/>
  <system-out/>
  <testcase classname="anotacionestestng.SegundoSet" name="clickAlCarrito" time="0.003"/>
  <system-out/>
</testsuite> <!-- anotacionestestng.SegundoSet -->
