<?xml version="1.0" encoding="UTF-8"?>
<!-- Generated by org.testng.reporters.JUnitReportReporter -->
<testsuite hostname="NWKS0540" failures="0" tests="4" name="anotacionestestng.TercerSet" time="0.000" errors="0" timestamp="2023-01-24T17:39:34 ART" skipped="0">
  <testcase classname="anotacionestestng.TercerSet" name="tercerSetPruebaTres" time="0.000"/>
  <system-out/>
  <testcase classname="anotacionestestng.TercerSet" name="tercerSetPruebaDos" time="0.000"/>
  <system-out/>
  <testcase classname="anotacionestestng.TercerSet" name="tercerSetPruebaUno" time="0.000"/>
  <system-out/>
  <testcase classname="anotacionestestng.TercerSet" name="tercerSetPruebaCuatro" time="0.000"/>
  <system-out/>
</testsuite> <!-- anotacionestestng.TercerSet -->
