<?xml version="1.0" encoding="UTF-8"?>
<!-- Generated by org.testng.reporters.JUnitReportReporter -->
<testsuite hostname="NWKS0540" failures="0" tests="2" name="anotacionestestng.AnotacionesBasicas" time="0.011" errors="0" timestamp="2023-01-24T17:39:34 ART" skipped="0">
  <testcase classname="anotacionestestng.AnotacionesBasicas" name="pruebaUno" time="0.007"/>
  <system-out/>
  <testcase classname="anotacionestestng.AnotacionesBasicas" name="pruebaDos" time="0.004"/>
  <system-out/>
</testsuite> <!-- anotacionestestng.AnotacionesBasicas -->
