<?xml version="1.0" encoding="UTF-8"?>
<!-- Generated by org.testng.reporters.JUnitReportReporter -->
<testsuite hostname="NWKS0540" failures="0" tests="1" name="testEndToEnd.Iframes" time="19.215" errors="0" timestamp="2023-01-25T09:55:20 ART" skipped="0">
  <testcase classname="testEndToEnd.Iframes" name="trabajarConIframe" time="19.215"/>
  <system-out/>
</testsuite> <!-- testEndToEnd.Iframes -->
